2025-08-19 17:43:18 [31merror[39m: Error: Access denied for user ''@'localhost' (using password: YES)
    at Object.createConnectionPromise [as createConnection] (C:\Users\Wipro\CascadeProjects\debtMan\backend\node_modules\mysql2\promise.js:19:31)
    at createDatabase (C:\Users\Wipro\CascadeProjects\debtMan\backend\scripts\setup-db.js:11:30)
    at Object.<anonymous> (C:\Users\Wipro\CascadeProjects\debtMan\backend\scripts\setup-db.js:134:1)
    at Module._compile (node:internal/modules/cjs/loader:1730:14)
    at Object..js (node:internal/modules/cjs/loader:1895:10)
    at Module.load (node:internal/modules/cjs/loader:1465:32)
    at Function._load (node:internal/modules/cjs/loader:1282:12)
    at TracingChannel.traceSync (node:diagnostics_channel:322:14)
    at wrapModuleLoad (node:internal/modules/cjs/loader:235:24)
    at Function.executeUserEntryPoint [as runMain] (node:internal/modules/run_main:171:5)
2025-08-19 17:45:36 [31merror[39m: Error: Access denied for user ''@'localhost' (using password: YES)
    at Object.createConnectionPromise [as createConnection] (C:\Users\Wipro\CascadeProjects\debtMan\backend\node_modules\mysql2\promise.js:19:31)
    at createDatabase (C:\Users\Wipro\CascadeProjects\debtMan\backend\scripts\setup-db.js:11:30)
    at Object.<anonymous> (C:\Users\Wipro\CascadeProjects\debtMan\backend\scripts\setup-db.js:134:1)
    at Module._compile (node:internal/modules/cjs/loader:1730:14)
    at Object..js (node:internal/modules/cjs/loader:1895:10)
    at Module.load (node:internal/modules/cjs/loader:1465:32)
    at Function._load (node:internal/modules/cjs/loader:1282:12)
    at TracingChannel.traceSync (node:diagnostics_channel:322:14)
    at wrapModuleLoad (node:internal/modules/cjs/loader:235:24)
    at Function.executeUserEntryPoint [as runMain] (node:internal/modules/run_main:171:5)
2025-08-19 17:46:29 [31merror[39m: Error: Access denied for user ''@'localhost' (using password: YES)
    at Object.createConnectionPromise [as createConnection] (C:\Users\Wipro\CascadeProjects\debtMan\backend\node_modules\mysql2\promise.js:19:31)
    at createDatabase (C:\Users\Wipro\CascadeProjects\debtMan\backend\scripts\setup-db.js:11:30)
    at Object.<anonymous> (C:\Users\Wipro\CascadeProjects\debtMan\backend\scripts\setup-db.js:134:1)
    at Module._compile (node:internal/modules/cjs/loader:1730:14)
    at Object..js (node:internal/modules/cjs/loader:1895:10)
    at Module.load (node:internal/modules/cjs/loader:1465:32)
    at Function._load (node:internal/modules/cjs/loader:1282:12)
    at TracingChannel.traceSync (node:diagnostics_channel:322:14)
    at wrapModuleLoad (node:internal/modules/cjs/loader:235:24)
    at Function.executeUserEntryPoint [as runMain] (node:internal/modules/run_main:171:5)
2025-08-19 18:36:03 [31merror[39m: Error: Access denied for user ''@'localhost' (using password: YES)
    at PromisePool.query (C:\Users\Wipro\CascadeProjects\debtMan\backend\node_modules\mysql2\lib\promise\pool.js:36:22)
    at runMigrations (C:\Users\Wipro\CascadeProjects\debtMan\backend\scripts\migrate.js:13:16)
    at Object.<anonymous> (C:\Users\Wipro\CascadeProjects\debtMan\backend\scripts\migrate.js:55:1)
    at Module._compile (node:internal/modules/cjs/loader:1730:14)
    at Object..js (node:internal/modules/cjs/loader:1895:10)
    at Module.load (node:internal/modules/cjs/loader:1465:32)
    at Function._load (node:internal/modules/cjs/loader:1282:12)
    at TracingChannel.traceSync (node:diagnostics_channel:322:14)
    at wrapModuleLoad (node:internal/modules/cjs/loader:235:24)
    at Function.executeUserEntryPoint [as runMain] (node:internal/modules/run_main:171:5)
2025-08-19 19:37:06 [32minfo[39m: 	[32m✅ Successfully connected to the database[39m
2025-08-19 19:37:06 [32minfo[39m: 	[32m🚀 Running migration: 001_create_users_table.sql[39m
2025-08-19 19:37:06 [31merror[39m: 	[31m❌ Error running migrations:[39m
2025-08-20 07:09:20 [32minfo[39m: 	[32mServer running in development mode on port 5000[39m
2025-08-20 07:09:20 [32minfo[39m: 	[32m✅ Database connection established successfully[39m
2025-08-20 07:10:20 [32minfo[39m: 	[32mServer running in development mode on port 5000[39m
2025-08-20 07:10:20 [32minfo[39m: 	[32m✅ Database connection established successfully[39m
2025-08-20 07:32:15 [32minfo[39m: 	[32mServer running in development mode on port 5000[39m
2025-08-20 07:32:15 [32minfo[39m: 	[32m✅ Database connection established successfully[39m
2025-08-20 07:47:50 [32minfo[39m: 	[32mServer running in development mode on port 5000[39m
2025-08-20 07:47:50 [32minfo[39m: 	[32m✅ Database connection established successfully[39m
2025-08-20 08:01:12 [32minfo[39m: 	[32mServer running in development mode on port 5000[39m
2025-08-20 08:01:12 [32minfo[39m: 	[32m✅ Database connection established successfully[39m
2025-08-20 08:01:18 [32minfo[39m: 	[32mServer running in development mode on port 5000[39m
2025-08-20 08:01:18 [32minfo[39m: 	[32m✅ Database connection established successfully[39m
2025-08-20 08:01:33 [32minfo[39m: 	[32mServer running in development mode on port 5000[39m
2025-08-20 08:01:33 [32minfo[39m: 	[32m✅ Database connection established successfully[39m
2025-08-20 08:02:55 [32minfo[39m: 	[32mServer running in development mode on port 5000[39m
2025-08-20 08:02:55 [32minfo[39m: 	[32m✅ Database connection established successfully[39m
2025-08-20 08:20:40 [31merror[39m: 	[31m[2025-08-20T06:20:40.235Z] 401 - Incorrect email or password - /api/v1/auth/login - POST - ::1[39m
2025-08-20 08:20:40 [31merror[39m: 	[31mError: Incorrect email or password[39m
[31m    at exports.login (C:\Users\Wipro\CascadeProjects\debtMan\backend\controllers\auth.controller.js:98:19)[39m
2025-08-20 08:23:20 [32minfo[39m: 	[32mServer running in development mode on port 5000[39m
2025-08-20 08:23:20 [32minfo[39m: 	[32m✅ Database connection established successfully[39m
2025-08-20 08:50:24 [32minfo[39m: 	[32mServer running in development mode on port 5000[39m
2025-08-20 08:50:25 [32minfo[39m: 	[32m✅ Database connection established successfully[39m
2025-08-20 09:35:12 [32minfo[39m: 	[32mServer running in development mode on port 5000[39m
2025-08-20 09:35:12 [32minfo[39m: 	[32m✅ Database connection established successfully[39m
2025-08-20 09:36:35 [31merror[39m: 	[31m[2025-08-20T07:36:35.879Z] 500 - Error fetching dashboard data - /api/v1/dashboard - GET - ::1[39m
2025-08-20 09:36:35 [31merror[39m: 	[31mError: Error fetching dashboard data[39m
[31m    at exports.getDashboardStats (C:\Users\Wipro\CascadeProjects\debtMan\backend\controllers\dashboard.controller.js:98:10)[39m
[31m    at process.processTicksAndRejections (node:internal/process/task_queues:105:5)[39m
2025-08-20 09:36:35 [31merror[39m: 	[31m[2025-08-20T07:36:35.954Z] 500 - Error fetching dashboard data - /api/v1/dashboard - GET - ::1[39m
2025-08-20 09:36:35 [31merror[39m: 	[31mError: Error fetching dashboard data[39m
[31m    at exports.getDashboardStats (C:\Users\Wipro\CascadeProjects\debtMan\backend\controllers\dashboard.controller.js:98:10)[39m
[31m    at process.processTicksAndRejections (node:internal/process/task_queues:105:5)[39m
2025-08-20 09:40:44 [31merror[39m: 	[31m[2025-08-20T07:40:44.711Z] 500 - Error fetching dashboard data - /api/v1/dashboard - GET - ::1[39m
2025-08-20 09:40:44 [31merror[39m: 	[31mError: Error fetching dashboard data[39m
[31m    at exports.getDashboardStats (C:\Users\Wipro\CascadeProjects\debtMan\backend\controllers\dashboard.controller.js:98:10)[39m
[31m    at process.processTicksAndRejections (node:internal/process/task_queues:105:5)[39m
2025-08-20 09:40:44 [31merror[39m: 	[31m[2025-08-20T07:40:44.756Z] 500 - Error fetching dashboard data - /api/v1/dashboard - GET - ::1[39m
2025-08-20 09:40:44 [31merror[39m: 	[31mError: Error fetching dashboard data[39m
[31m    at exports.getDashboardStats (C:\Users\Wipro\CascadeProjects\debtMan\backend\controllers\dashboard.controller.js:98:10)[39m
[31m    at process.processTicksAndRejections (node:internal/process/task_queues:105:5)[39m
2025-08-20 09:41:53 [32minfo[39m: 	[32mServer running in development mode on port 5000[39m
2025-08-20 09:41:54 [32minfo[39m: 	[32m✅ Database connection established successfully[39m
2025-08-20 09:41:59 [31merror[39m: 	[31m[2025-08-20T07:41:59.204Z] 500 - Error fetching dashboard data - /api/v1/dashboard - GET - ::1[39m
2025-08-20 09:41:59 [31merror[39m: 	[31mError: Error fetching dashboard data[39m
[31m    at exports.getDashboardStats (C:\Users\Wipro\CascadeProjects\debtMan\backend\controllers\dashboard.controller.js:98:10)[39m
[31m    at process.processTicksAndRejections (node:internal/process/task_queues:105:5)[39m
2025-08-20 09:41:59 [31merror[39m: 	[31m[2025-08-20T07:41:59.253Z] 500 - Error fetching dashboard data - /api/v1/dashboard - GET - ::1[39m
2025-08-20 09:41:59 [31merror[39m: 	[31mError: Error fetching dashboard data[39m
[31m    at exports.getDashboardStats (C:\Users\Wipro\CascadeProjects\debtMan\backend\controllers\dashboard.controller.js:98:10)[39m
[31m    at process.processTicksAndRejections (node:internal/process/task_queues:105:5)[39m
2025-08-20 09:48:59 [31merror[39m: 	[31m[2025-08-20T07:48:59.384Z] 500 - Error fetching dashboard data - /api/v1/dashboard - GET - ::1[39m
2025-08-20 09:48:59 [31merror[39m: 	[31mError: Error fetching dashboard data[39m
[31m    at exports.getDashboardStats (C:\Users\Wipro\CascadeProjects\debtMan\backend\controllers\dashboard.controller.js:98:10)[39m
[31m    at process.processTicksAndRejections (node:internal/process/task_queues:105:5)[39m
2025-08-20 09:48:59 [31merror[39m: 	[31m[2025-08-20T07:48:59.444Z] 500 - Error fetching dashboard data - /api/v1/dashboard - GET - ::1[39m
2025-08-20 09:48:59 [31merror[39m: 	[31mError: Error fetching dashboard data[39m
[31m    at exports.getDashboardStats (C:\Users\Wipro\CascadeProjects\debtMan\backend\controllers\dashboard.controller.js:98:10)[39m
[31m    at process.processTicksAndRejections (node:internal/process/task_queues:105:5)[39m
2025-08-20 09:49:49 [32minfo[39m: 	[32mServer running in development mode on port 5000[39m
2025-08-20 09:49:49 [32minfo[39m: 	[32m✅ Database connection established successfully[39m
