2025-08-19 17:43:18 [31merror[39m: Error: Access denied for user ''@'localhost' (using password: YES)
    at Object.createConnectionPromise [as createConnection] (C:\Users\Wipro\CascadeProjects\debtMan\backend\node_modules\mysql2\promise.js:19:31)
    at createDatabase (C:\Users\Wipro\CascadeProjects\debtMan\backend\scripts\setup-db.js:11:30)
    at Object.<anonymous> (C:\Users\Wipro\CascadeProjects\debtMan\backend\scripts\setup-db.js:134:1)
    at Module._compile (node:internal/modules/cjs/loader:1730:14)
    at Object..js (node:internal/modules/cjs/loader:1895:10)
    at Module.load (node:internal/modules/cjs/loader:1465:32)
    at Function._load (node:internal/modules/cjs/loader:1282:12)
    at TracingChannel.traceSync (node:diagnostics_channel:322:14)
    at wrapModuleLoad (node:internal/modules/cjs/loader:235:24)
    at Function.executeUserEntryPoint [as runMain] (node:internal/modules/run_main:171:5)
2025-08-19 17:45:36 [31merror[39m: Error: Access denied for user ''@'localhost' (using password: YES)
    at Object.createConnectionPromise [as createConnection] (C:\Users\Wipro\CascadeProjects\debtMan\backend\node_modules\mysql2\promise.js:19:31)
    at createDatabase (C:\Users\Wipro\CascadeProjects\debtMan\backend\scripts\setup-db.js:11:30)
    at Object.<anonymous> (C:\Users\Wipro\CascadeProjects\debtMan\backend\scripts\setup-db.js:134:1)
    at Module._compile (node:internal/modules/cjs/loader:1730:14)
    at Object..js (node:internal/modules/cjs/loader:1895:10)
    at Module.load (node:internal/modules/cjs/loader:1465:32)
    at Function._load (node:internal/modules/cjs/loader:1282:12)
    at TracingChannel.traceSync (node:diagnostics_channel:322:14)
    at wrapModuleLoad (node:internal/modules/cjs/loader:235:24)
    at Function.executeUserEntryPoint [as runMain] (node:internal/modules/run_main:171:5)
2025-08-19 17:46:29 [31merror[39m: Error: Access denied for user ''@'localhost' (using password: YES)
    at Object.createConnectionPromise [as createConnection] (C:\Users\Wipro\CascadeProjects\debtMan\backend\node_modules\mysql2\promise.js:19:31)
    at createDatabase (C:\Users\Wipro\CascadeProjects\debtMan\backend\scripts\setup-db.js:11:30)
    at Object.<anonymous> (C:\Users\Wipro\CascadeProjects\debtMan\backend\scripts\setup-db.js:134:1)
    at Module._compile (node:internal/modules/cjs/loader:1730:14)
    at Object..js (node:internal/modules/cjs/loader:1895:10)
    at Module.load (node:internal/modules/cjs/loader:1465:32)
    at Function._load (node:internal/modules/cjs/loader:1282:12)
    at TracingChannel.traceSync (node:diagnostics_channel:322:14)
    at wrapModuleLoad (node:internal/modules/cjs/loader:235:24)
    at Function.executeUserEntryPoint [as runMain] (node:internal/modules/run_main:171:5)
2025-08-19 18:36:03 [31merror[39m: Error: Access denied for user ''@'localhost' (using password: YES)
    at PromisePool.query (C:\Users\Wipro\CascadeProjects\debtMan\backend\node_modules\mysql2\lib\promise\pool.js:36:22)
    at runMigrations (C:\Users\Wipro\CascadeProjects\debtMan\backend\scripts\migrate.js:13:16)
    at Object.<anonymous> (C:\Users\Wipro\CascadeProjects\debtMan\backend\scripts\migrate.js:55:1)
    at Module._compile (node:internal/modules/cjs/loader:1730:14)
    at Object..js (node:internal/modules/cjs/loader:1895:10)
    at Module.load (node:internal/modules/cjs/loader:1465:32)
    at Function._load (node:internal/modules/cjs/loader:1282:12)
    at TracingChannel.traceSync (node:diagnostics_channel:322:14)
    at wrapModuleLoad (node:internal/modules/cjs/loader:235:24)
    at Function.executeUserEntryPoint [as runMain] (node:internal/modules/run_main:171:5)
2025-08-19 19:37:06 [31merror[39m: 	[31m❌ Error running migrations:[39m
2025-08-20 08:20:40 [31merror[39m: 	[31m[2025-08-20T06:20:40.235Z] 401 - Incorrect email or password - /api/v1/auth/login - POST - ::1[39m
2025-08-20 08:20:40 [31merror[39m: 	[31mError: Incorrect email or password[39m
[31m    at exports.login (C:\Users\Wipro\CascadeProjects\debtMan\backend\controllers\auth.controller.js:98:19)[39m
2025-08-20 09:36:35 [31merror[39m: 	[31m[2025-08-20T07:36:35.879Z] 500 - Error fetching dashboard data - /api/v1/dashboard - GET - ::1[39m
2025-08-20 09:36:35 [31merror[39m: 	[31mError: Error fetching dashboard data[39m
[31m    at exports.getDashboardStats (C:\Users\Wipro\CascadeProjects\debtMan\backend\controllers\dashboard.controller.js:98:10)[39m
[31m    at process.processTicksAndRejections (node:internal/process/task_queues:105:5)[39m
2025-08-20 09:36:35 [31merror[39m: 	[31m[2025-08-20T07:36:35.954Z] 500 - Error fetching dashboard data - /api/v1/dashboard - GET - ::1[39m
2025-08-20 09:36:35 [31merror[39m: 	[31mError: Error fetching dashboard data[39m
[31m    at exports.getDashboardStats (C:\Users\Wipro\CascadeProjects\debtMan\backend\controllers\dashboard.controller.js:98:10)[39m
[31m    at process.processTicksAndRejections (node:internal/process/task_queues:105:5)[39m
2025-08-20 09:40:44 [31merror[39m: 	[31m[2025-08-20T07:40:44.711Z] 500 - Error fetching dashboard data - /api/v1/dashboard - GET - ::1[39m
2025-08-20 09:40:44 [31merror[39m: 	[31mError: Error fetching dashboard data[39m
[31m    at exports.getDashboardStats (C:\Users\Wipro\CascadeProjects\debtMan\backend\controllers\dashboard.controller.js:98:10)[39m
[31m    at process.processTicksAndRejections (node:internal/process/task_queues:105:5)[39m
2025-08-20 09:40:44 [31merror[39m: 	[31m[2025-08-20T07:40:44.756Z] 500 - Error fetching dashboard data - /api/v1/dashboard - GET - ::1[39m
2025-08-20 09:40:44 [31merror[39m: 	[31mError: Error fetching dashboard data[39m
[31m    at exports.getDashboardStats (C:\Users\Wipro\CascadeProjects\debtMan\backend\controllers\dashboard.controller.js:98:10)[39m
[31m    at process.processTicksAndRejections (node:internal/process/task_queues:105:5)[39m
2025-08-20 09:41:59 [31merror[39m: 	[31m[2025-08-20T07:41:59.204Z] 500 - Error fetching dashboard data - /api/v1/dashboard - GET - ::1[39m
2025-08-20 09:41:59 [31merror[39m: 	[31mError: Error fetching dashboard data[39m
[31m    at exports.getDashboardStats (C:\Users\Wipro\CascadeProjects\debtMan\backend\controllers\dashboard.controller.js:98:10)[39m
[31m    at process.processTicksAndRejections (node:internal/process/task_queues:105:5)[39m
2025-08-20 09:41:59 [31merror[39m: 	[31m[2025-08-20T07:41:59.253Z] 500 - Error fetching dashboard data - /api/v1/dashboard - GET - ::1[39m
2025-08-20 09:41:59 [31merror[39m: 	[31mError: Error fetching dashboard data[39m
[31m    at exports.getDashboardStats (C:\Users\Wipro\CascadeProjects\debtMan\backend\controllers\dashboard.controller.js:98:10)[39m
[31m    at process.processTicksAndRejections (node:internal/process/task_queues:105:5)[39m
2025-08-20 09:48:59 [31merror[39m: 	[31m[2025-08-20T07:48:59.384Z] 500 - Error fetching dashboard data - /api/v1/dashboard - GET - ::1[39m
2025-08-20 09:48:59 [31merror[39m: 	[31mError: Error fetching dashboard data[39m
[31m    at exports.getDashboardStats (C:\Users\Wipro\CascadeProjects\debtMan\backend\controllers\dashboard.controller.js:98:10)[39m
[31m    at process.processTicksAndRejections (node:internal/process/task_queues:105:5)[39m
2025-08-20 09:48:59 [31merror[39m: 	[31m[2025-08-20T07:48:59.444Z] 500 - Error fetching dashboard data - /api/v1/dashboard - GET - ::1[39m
2025-08-20 09:48:59 [31merror[39m: 	[31mError: Error fetching dashboard data[39m
[31m    at exports.getDashboardStats (C:\Users\Wipro\CascadeProjects\debtMan\backend\controllers\dashboard.controller.js:98:10)[39m
[31m    at process.processTicksAndRejections (node:internal/process/task_queues:105:5)[39m
2025-08-20 15:44:17 [31merror[39m: 	[31m❌ Failed to connect to database[39m
2025-08-20 15:44:33 [31merror[39m: 	[31m[2025-08-20T13:44:33.345Z] 500 - Access denied for user 'root'@'localhost' (using password: NO) - /api/v1/auth/me - GET - ::1[39m
2025-08-20 15:44:33 [31merror[39m: 	[31mError: Access denied for user 'root'@'localhost' (using password: NO)[39m
[31m    at PromisePool.query (C:\Users\Wipro\CascadeProjects\debtMan\backend\node_modules\mysql2\lib\promise\pool.js:36:22)[39m
[31m    at exports.protect (C:\Users\Wipro\CascadeProjects\debtMan\backend\middleware\auth.js:30:31)[39m
2025-08-20 15:44:33 [31merror[39m: 	[31m[2025-08-20T13:44:33.414Z] 500 - Access denied for user 'root'@'localhost' (using password: NO) - /api/v1/auth/me - GET - ::1[39m
2025-08-20 15:44:33 [31merror[39m: 	[31mError: Access denied for user 'root'@'localhost' (using password: NO)[39m
[31m    at PromisePool.query (C:\Users\Wipro\CascadeProjects\debtMan\backend\node_modules\mysql2\lib\promise\pool.js:36:22)[39m
[31m    at exports.protect (C:\Users\Wipro\CascadeProjects\debtMan\backend\middleware\auth.js:30:31)[39m
2025-08-20 15:44:33 [31merror[39m: 	[31m[2025-08-20T13:44:33.448Z] 500 - Access denied for user 'root'@'localhost' (using password: NO) - /api/v1/auth/me - GET - ::1[39m
2025-08-20 15:44:33 [31merror[39m: 	[31mError: Access denied for user 'root'@'localhost' (using password: NO)[39m
[31m    at PromisePool.query (C:\Users\Wipro\CascadeProjects\debtMan\backend\node_modules\mysql2\lib\promise\pool.js:36:22)[39m
[31m    at exports.protect (C:\Users\Wipro\CascadeProjects\debtMan\backend\middleware\auth.js:30:31)[39m
2025-08-20 15:48:48 [31merror[39m: Error: Access denied for user 'root'@'localhost' (using password: NO)
    at PromisePool.query (C:\Users\Wipro\CascadeProjects\debtMan\backend\node_modules\mysql2\lib\promise\pool.js:36:22)
    at query (C:\Users\Wipro\CascadeProjects\debtMan\backend\controllers\auth.controller.js:11:29)
    at exports.login (C:\Users\Wipro\CascadeProjects\debtMan\backend\controllers\auth.controller.js:95:26)
    at C:\Users\Wipro\CascadeProjects\debtMan\backend\routes\auth.routes.js:26:26
    at Layer.handle [as handle_request] (C:\Users\Wipro\CascadeProjects\debtMan\backend\node_modules\express\lib\router\layer.js:95:5)
    at next (C:\Users\Wipro\CascadeProjects\debtMan\backend\node_modules\express\lib\router\route.js:149:13)
    at Route.dispatch (C:\Users\Wipro\CascadeProjects\debtMan\backend\node_modules\express\lib\router\route.js:119:3)
    at Layer.handle [as handle_request] (C:\Users\Wipro\CascadeProjects\debtMan\backend\node_modules\express\lib\router\layer.js:95:5)
    at C:\Users\Wipro\CascadeProjects\debtMan\backend\node_modules\express\lib\router\index.js:284:15
    at Function.process_params (C:\Users\Wipro\CascadeProjects\debtMan\backend\node_modules\express\lib\router\index.js:346:12)
2025-08-20 15:48:48 [31merror[39m: 	[31m[2025-08-20T13:48:48.787Z] 500 - Access denied for user 'root'@'localhost' (using password: NO) - /api/v1/auth/login - POST - ::1[39m
2025-08-20 15:48:48 [31merror[39m: 	[31mError: Access denied for user 'root'@'localhost' (using password: NO)[39m
[31m    at PromisePool.query (C:\Users\Wipro\CascadeProjects\debtMan\backend\node_modules\mysql2\lib\promise\pool.js:36:22)[39m
[31m    at query (C:\Users\Wipro\CascadeProjects\debtMan\backend\controllers\auth.controller.js:11:29)[39m
[31m    at exports.login (C:\Users\Wipro\CascadeProjects\debtMan\backend\controllers\auth.controller.js:95:26)[39m
[31m    at C:\Users\Wipro\CascadeProjects\debtMan\backend\routes\auth.routes.js:26:26[39m
[31m    at Layer.handle [as handle_request] (C:\Users\Wipro\CascadeProjects\debtMan\backend\node_modules\express\lib\router\layer.js:95:5)[39m
[31m    at next (C:\Users\Wipro\CascadeProjects\debtMan\backend\node_modules\express\lib\router\route.js:149:13)[39m
[31m    at Route.dispatch (C:\Users\Wipro\CascadeProjects\debtMan\backend\node_modules\express\lib\router\route.js:119:3)[39m
[31m    at Layer.handle [as handle_request] (C:\Users\Wipro\CascadeProjects\debtMan\backend\node_modules\express\lib\router\layer.js:95:5)[39m
[31m    at C:\Users\Wipro\CascadeProjects\debtMan\backend\node_modules\express\lib\router\index.js:284:15[39m
[31m    at Function.process_params (C:\Users\Wipro\CascadeProjects\debtMan\backend\node_modules\express\lib\router\index.js:346:12)[39m
2025-08-20 15:49:16 [31merror[39m: 	[31m❌ Failed to connect to database[39m
2025-08-20 16:03:20 [31merror[39m: 	[31m❌ Failed to connect to database[39m
2025-08-20 16:04:08 [31merror[39m: 	[31m❌ Failed to connect to database[39m
